<?xml version="1.0" encoding="UTF-8"?>
<!-- Generated by org.testng.reporters.JUnitXMLReporter -->
<testsuite ignored="0" hostname="DESKTOP-5L00DG5" failures="1" tests="1" name="errors" time="5.022" errors="0" timestamp="09 Dec 2024 18:17:07 GMT">
  <testcase classname="shivakumar.tests.errorvalidations" name="submitorder" time="0.835">
    <failure type="java.lang.AssertionError" message="expected:&amp;lt;Incorrect email or password&amp;gt; but was:&amp;lt;Incorrect email or password.&amp;gt;">
      <![CDATA[java.lang.AssertionError: expected:<Incorrect email or password> but was:<Incorrect email or password.>
at shivakumar.tests.errorvalidations.submitorder(errorvalidations.java:44)
... Removed 25 stack frames]]>
    </failure>
  </testcase> <!-- submitorder -->
</testsuite> <!-- errors -->
