<?xml version="1.0" encoding="UTF-8"?>
<testng-results ignored="0" total="0" passed="0" failed="0" skipped="0">
  <reporter-output>
  </reporter-output>
  <suite started-at="2024-12-12T09:18:17Z" name="Suite" finished-at="2024-12-12T09:18:17Z" duration-ms="0">
    <groups>
      <group name="purchase">
        <method signature="submitordertest.submitorder(java.util.HashMap)[pri:0, instance:shivakumar.tests.submitordertest@31bcf236]" name="submitorder" class="shivakumar.tests.submitordertest"/>
      </group> <!-- purchase -->
    </groups>
  </suite> <!-- Suite -->
</testng-results>
